C51 COMPILER V9.60.0.0   M9VE                                                              11/12/2022 17:24:15 PAGE 1   


C51 COMPILER V9.60.0.0, COMPILATION OF MODULE M9VE
OBJECT MODULE PLACED IN .\Objects\m9ve.obj
COMPILER INVOKED BY: D:\mdk\C51\BIN\C51.EXE m9ve.c LARGE OPTIMIZE(8,SPEED) BROWSE DEBUG OBJECTEXTEND PRINT(.\Listings\m9
                    -ve.lst) TABS(2) OBJECT(.\Objects\m9ve.obj)

line level    source

   1          #include <reg52.h>
   2          #include "mouse.h"
   3          #define  uchar unsigned char
   4          #define  uint unsigned int
   5          sbit tube1 = P4^3;
   6          sbit tube2 = P4^2;
   7          sbit beep = P3^7;
   8          uchar number = 0;
   9          //原地转圈
  10          uchar code run1[] = {0x11,0x33,0x22,0x66,0x44,0xcc,0x88,0x99,0x11};
  11          //直行
  12          uchar code run2[] = {0x11,0x39,0x28,0x6c,0x44,0xc6,0x82,0x93,0x11};
  13          //数码管
  14          uchar code table[] = {0xc0,0xcf,0xa4,0xb0,0x99,0x92,0x82,0xf8,0x80,0x90,0x88,0x83,0xc6,0xa1,0x86,0x8e,0xff
             -};
  15          void xiuzheng();
  16          /*
  17           *延时1ms
  18           */
  19          void delayms(uint n)
  20          {
  21   1        uchar i,j;
  22   1        for(j=n;j>0;j--)
  23   1        for(i=112;i>0;i--);
  24   1      }
  25          
  26          /* * * * * * * * * * * * * * * * * * * * * * * * * *
  27           *移动单元
  28           * * * * * * * * * * * * * * * * * * * * * * * * * *
  29           *
  30           *直行
  31           */
  32          void go_straight()
  33          {
  34   1        uchar j,i;
  35   1        for(j=0;j<105;j++)//一圈
  36   1        {
  37   2          for(i=8;i>0;i--)
  38   2          {
  39   3            P1 = run2[i];
  40   3            delayms(2);
  41   3          }
  42   2        }
  43   1      }
  44          
  45          /*
  46           *掉头
  47           */
  48          void back()
  49          {
  50   1        uchar i,j;
  51   1        for(i=0;i<101;i++)
  52   1        {
  53   2          for(j=0;j<8;j++)
C51 COMPILER V9.60.0.0   M9VE                                                              11/12/2022 17:24:15 PAGE 2   

  54   2          {
  55   3            P1 = run1[j];
  56   3            delayms(2);
  57   3          }
  58   2        }
  59   1        
  60   1      }
  61          
  62          /*
  63           *右转
  64           */
  65          void turn_right()
  66          {
  67   1        uchar i,j;
  68   1        for(i=0;i<51;i++)
  69   1        {
  70   2          for(j=0;j<8;j++)
  71   2          {
  72   3            P1 = run1[j];
  73   3            delayms(2);
  74   3          }
  75   2        }
  76   1        
  77   1      }
  78          
  79          /*
  80           *左转
  81           */
  82          void turn_left()
  83          {
  84   1        uchar i,j;
  85   1        for(i=0;i<51;i++)
  86   1        {
  87   2          for(j=8;j>0;j--)
  88   2          {
  89   3            P1 = run1[j];
  90   3            delayms(2);
  91   3          }
  92   2        }
  93   1        
  94   1      }
  95          /* * * * * * * * * * * * * * * * * * * * * * * * * *
  96           *外设单元
  97           * * * * * * * * * * * * * * * * * * * * * * * * * *
  98           *
  99           *蜂鸣器
 100           */
 101          void voice()
 102          {
 103   1          uchar j = 0;
 104   1          for(j = 10;j>0;j--){
 105   2            beep = ~beep;
 106   2            delayms(10);
 107   2          }
 108   1          for(j = 100;j>0;j--){
 109   2            beep = 1;
 110   2            delayms(10);
 111   2          }
 112   1      }
 113          /* * * * * * * * * * * * * * * * * * * * * * * * * *
 114           *传感器单元
 115           * * * * * * * * * * * * * * * * * * * * * * * * * *
C51 COMPILER V9.60.0.0   M9VE                                                              11/12/2022 17:24:15 PAGE 3   

 116           *
 117           *红外发射
 118           */
 119          void mouse_ir_on(uchar group_no)
 120          {
 121   1        A0 = (group_no) & 0x01;
 122   1        A1 = (group_no) & 0x02;
 123   1        A2 = (group_no) & 0x04;
 124   1      }
 125          
 126          /*
 127           *设置T2自动重装载寄存器和计数器
 128           */
 129          void setTime2(uint us)
 130          {
 131   1        TH2 = (65536 - us) % 256;
 132   1        RCAP2H = (65536 - us) / 256;
 133   1        TL2 = (65536 -us) % 256;
 134   1        RCAP2L = (65536 - us) % 256;
 135   1      }
 136          /*
 137           *定时计数器初始化
 138           */
 139          void initTime2()
 140          {
 141   1        EA = 1;
 142   1        ET2 = 1;
 143   1        setTime2(5000);//设置5ms中断一次
 144   1        TR2 = 1;
 145   1      }
 146          /*
 147           *避障测试
 148           */
 149          void test()
 150          {
 151   1        if(!irR)
 152   1        {
 153   2          turn_right();
 154   2          delayms(100);
 155   2          //go_straight();
 156   2          xiuzheng();
 157   2          delayms(100);
 158   2        }
 159   1        else if(!irC)
 160   1        {
 161   2          //go_straight();
 162   2          xiuzheng();
 163   2          delayms(100);
 164   2        }
 165   1        else if(!irL)
 166   1        {
 167   2          turn_left();
 168   2          delayms(100);
 169   2          //go_straight();
 170   2          xuizheng();
*** WARNING C206 IN LINE 170 OF m9ve.c: 'xuizheng': missing function-prototype
 171   2          delayms(100);
 172   2        }
 173   1        else
 174   1        {
 175   2          back();
 176   2          delayms(100);
C51 COMPILER V9.60.0.0   M9VE                                                              11/12/2022 17:24:15 PAGE 4   

 177   2          //go_straight();
 178   2          xiuzheng();
 179   2          delayms(100);
 180   2          voice();
 181   2          delayms(100);
 182   2        }
 183   1          
 184   1      }
 185          void ir_test(){ // 测试某个方向的红外
 186   1         
 187   1              if(irLU||irRU){
 188   2                  beep = 0;
 189   2              }else{
 190   2                  beep = 1;
 191   2              }
 192   1         
 193   1      }
 194          /*
 195           *数码管
 196           */
 197          void display(uchar num)
 198          {
 199   1        uchar a,b;
 200   1        a = num / 10;
 201   1        b = num % 10;
 202   1        
 203   1        tube2 = 0;
 204   1        tube1 = 1;
 205   1        P0 = table[a];
 206   1        delayms(2);
 207   1        tube1 = 0;
 208   1        
 209   1        tube1 = 0;
 210   1        tube2 = 1;
 211   1        P0 = table[b];
 212   1        delayms(2);
 213   1        tube2 = 0;
 214   1      }
 215          void xiuzheng()//走一格修正
 216          {
 217   1        uchar i,j,k,l = 20;
 218   1        while(l--){
 219   2          for(i=0;i<5;i++)
 220   2          {
 221   3            for(j=8;j>0;j--)
 222   3            {
 223   4              P1 = run2[j];
 224   4              delayms(1);
 225   4            }
 226   3          }
 227   2            if(irLU==1 && irC == 0)
 228   2            {
 229   3                voice();
 230   3                for(k = 0 ;k < 3; k++)
 231   3              {
 232   4                for(j=0;j<8;j++)
 233   4                {
 234   5                  P1 = run1[j];
 235   5                  delayms(2);
 236   5                }
 237   4              }
 238   3              
C51 COMPILER V9.60.0.0   M9VE                                                              11/12/2022 17:24:15 PAGE 5   

 239   3            }
 240   2            if(irRU==1 && irC == 0)
 241   2            {   
 242   3                voice();
 243   3                for(k = 0;k < 3; k++)
 244   3              {
 245   4                for(j=8;j>0;j--)
 246   4                {
 247   5                  P1 = run1[j];
 248   5                  delayms(2);
 249   5                }
 250   4              }
 251   3            }
 252   2          }
 253   1      }
 254          void main()
 255          {
 256   1        
 257   1        initTime2();
 258   1        
 259   1        while(1)
 260   1        {
 261   2          //test();
 262   2          ir_test();
 263   2        }
 264   1        
 265   1        
 266   1      }
 267          void time2() interrupt 5{ // TIM2中断服务函数
 268   1          static bit ir = 0;
 269   1          static unsigned char n=1;
 270   1          TF2 = 0;
 271   1          if(!ir) {
 272   2              mouse_ir_on(n-1);
 273   2          }else{
 274   2              if(n==1){
 275   3                  if(irR1)  irC=0;
 276   3                  else      irC=1;
 277   3              }else if(n==2){
 278   3                  if(irR2)  irLU=0;
 279   3                  else      irLU=1;
 280   3              }else if(n==3){
 281   3                  if(irR3)  irL=0;
 282   3                  else      irL=1;
 283   3              }else if(n==4){
 284   3                  if(irR4)  irR=0;
 285   3                  else      irR=1;
 286   3              }else if(n==5){
 287   3                  if(irR5)  irRU=0;
 288   3                  else      irRU=1;
 289   3              }
 290   2          }
 291   1          if(ir)  n++;
 292   1          if(n>5) n=1;
 293   1          ir=~ir;
 294   1      }


MODULE INFORMATION:   STATIC OVERLAYABLE
   CODE SIZE        =    842    ----
   CONSTANT SIZE    =     35    ----
   XDATA SIZE       =      7       2
C51 COMPILER V9.60.0.0   M9VE                                                              11/12/2022 17:24:15 PAGE 6   

   PDATA SIZE       =   ----    ----
   DATA SIZE        =   ----    ----
   IDATA SIZE       =   ----    ----
   BIT SIZE         =      1    ----
END OF MODULE INFORMATION.


C51 COMPILATION COMPLETE.  1 WARNING(S),  0 ERROR(S)
